<?xml version='1.0' encoding='UTF-8'?>
<testsuite hostname="cpf" name="MovieRatingSortTest" tests="3" errors="0" failures="0" skipped="0" time="0.965" timestamp="2019-09-12T10:21:02">
                     <properties>
[...]
</properties>
                     <testcase classname="MovieRatingSortTest" name="movie rating sorter should be able to fetch csv file from url" time="0.957">
                                                 
                                               </testcase><testcase classname="MovieRatingSortTest" name="movie rating sorter should be able to parse csv into objects" time="0.007">
                                                 
                                               </testcase><testcase classname="MovieRatingSortTest" name="movie rating sorter should be able to sort movies by rating" time="0.001">
                                                 
                                               </testcase>
                     <system-out><![CDATA[]]></system-out>
                     <system-err><![CDATA[]]></system-err>
                   </testsuite>